Release 14.6 - xst P.68d (nt64)
Copyright (c) 1995-2013 Xilinx, Inc.  All rights reserved.
--> Parameter TMPDIR set to xst/projnav.tmp


Total REAL time to Xst completion: 0.00 secs
Total CPU time to Xst completion: 0.08 secs
 
--> Parameter xsthdpdir set to xst


Total REAL time to Xst completion: 0.00 secs
Total CPU time to Xst completion: 0.08 secs
 
--> Reading design: top.prj

TABLE OF CONTENTS
  1) Synthesis Options Summary
  2) HDL Parsing
  3) HDL Elaboration
  4) HDL Synthesis
       4.1) HDL Synthesis Report
  5) Advanced HDL Synthesis
       5.1) Advanced HDL Synthesis Report
  6) Low Level Synthesis
  7) Partition Report
  8) Design Summary
       8.1) Primitive and Black Box Usage
       8.2) Device utilization summary
       8.3) Partition Resource Summary
       8.4) Timing Report
            8.4.1) Clock Information
            8.4.2) Asynchronous Control Signals Information
            8.4.3) Timing Summary
            8.4.4) Timing Details
            8.4.5) Cross Clock Domains Report


=========================================================================
*                      Synthesis Options Summary                        *
=========================================================================
---- Source Parameters
Input File Name                    : "top.prj"
Ignore Synthesis Constraint File   : NO

---- Target Parameters
Output File Name                   : "top"
Output Format                      : NGC
Target Device                      : xc6slx45-2-fgg676

---- Source Options
Top Module Name                    : top
Automatic FSM Extraction           : YES
FSM Encoding Algorithm             : Auto
Safe Implementation                : No
FSM Style                          : LUT
RAM Extraction                     : Yes
RAM Style                          : Auto
ROM Extraction                     : Yes
Shift Register Extraction          : YES
ROM Style                          : Auto
Resource Sharing                   : YES
Asynchronous To Synchronous        : NO
Shift Register Minimum Size        : 2
Use DSP Block                      : Auto
Automatic Register Balancing       : No

---- Target Options
LUT Combining                      : Auto
Reduce Control Sets                : Auto
Add IO Buffers                     : YES
Global Maximum Fanout              : 100000
Add Generic Clock Buffer(BUFG)     : 16
Register Duplication               : YES
Optimize Instantiated Primitives   : NO
Use Clock Enable                   : Auto
Use Synchronous Set                : Auto
Use Synchronous Reset              : Auto
Pack IO Registers into IOBs        : Auto
Equivalent register Removal        : YES

---- General Options
Optimization Goal                  : Speed
Optimization Effort                : 1
Power Reduction                    : NO
Keep Hierarchy                     : No
Netlist Hierarchy                  : As_Optimized
RTL Output                         : Yes
Global Optimization                : AllClockNets
Read Cores                         : YES
Write Timing Constraints           : NO
Cross Clock Analysis               : NO
Hierarchy Separator                : /
Bus Delimiter                      : <>
Case Specifier                     : Maintain
Slice Utilization Ratio            : 100
BRAM Utilization Ratio             : 100
DSP48 Utilization Ratio            : 100
Auto BRAM Packing                  : NO
Slice Utilization Ratio Delta      : 5

---- Other Options
Cores Search Directories           : {"../../source/coregen/char_rom"  }

=========================================================================


=========================================================================
*                          HDL Parsing                                  *
=========================================================================
Parsing VHDL file "D:\LPRS2\lab2-master\source\rtl\vhdl\vga_sync.vhd" into library work
Parsing entity <vga_sync>.
Parsing architecture <rtl> of entity <vga_sync>.
Parsing VHDL file "D:\LPRS2\lab2-master\source\coregen\dcm75MHz.vhd" into library work
Parsing entity <dcm75MHz>.
Parsing architecture <xilinx> of entity <dcm75mhz>.
Parsing VHDL file "D:\LPRS2\lab2-master\source\coregen\dcm50MHz.vhd" into library work
Parsing entity <dcm50MHz>.
Parsing architecture <xilinx> of entity <dcm50mhz>.
Parsing VHDL file "D:\LPRS2\lab2-master\source\coregen\dcm25MHz.vhd" into library work
Parsing entity <dcm25MHz>.
Parsing architecture <xilinx> of entity <dcm25mhz>.
Parsing VHDL file "D:\LPRS2\lab2-master\source\coregen\dcm108MHz.vhd" into library work
Parsing entity <dcm108MHz>.
Parsing architecture <xilinx> of entity <dcm108mhz>.
Parsing VHDL file "D:\LPRS2\lab2-master\source\coregen\char_rom\char_rom_def.vhd" into library work
Parsing entity <char_rom_def>.
Parsing architecture <char_rom_def_a> of entity <char_rom_def>.
Parsing VHDL file "D:\LPRS2\lab2-master\source\rtl\vhdl\vga.vhd" into library work
Parsing entity <vga>.
Parsing architecture <rtl> of entity <vga>.
Parsing VHDL file "D:\LPRS2\lab2-master\source\rtl\vhdl\text_mem.vhd" into library work
Parsing entity <text_mem>.
Parsing architecture <arc_text_mem> of entity <text_mem>.
Parsing VHDL file "D:\LPRS2\lab2-master\source\rtl\vhdl\graphics_mem.vhd" into library work
Parsing entity <graphics_mem>.
Parsing architecture <arc_graphics_mem> of entity <graphics_mem>.
Parsing VHDL file "D:\LPRS2\lab2-master\source\rtl\vhdl\char_rom.vhd" into library work
Parsing entity <char_rom>.
Parsing architecture <Behavioral> of entity <char_rom>.
Parsing VHDL file "D:\LPRS2\lab2-master\synthesis\lab2\reg.vhd" into library work
Parsing entity <reg>.
Parsing architecture <arch_reg> of entity <reg>.
Parsing VHDL file "D:\LPRS2\lab2-master\source\rtl\vhdl\vga_top.vhd" into library work
Parsing entity <vga_top>.
Parsing architecture <rtl> of entity <vga_top>.
Parsing VHDL file "D:\LPRS2\lab2-master\source\rtl\vhdl\top.vhd" into library work
Parsing entity <top>.
Parsing architecture <rtl> of entity <top>.

=========================================================================
*                            HDL Elaboration                            *
=========================================================================

Elaborating entity <top> (architecture <rtl>) with generics from library <work>.
WARNING:HDLCompiler:1127 - "D:\LPRS2\lab2-master\source\rtl\vhdl\top.vhd" Line 221: Assignment to message_lenght ignored, since the identifier is never used
WARNING:HDLCompiler:1127 - "D:\LPRS2\lab2-master\source\rtl\vhdl\top.vhd" Line 226: Assignment to graphics_lenght ignored, since the identifier is never used

Elaborating entity <reg> (architecture <arch_reg>) with generics from library <work>.

Elaborating entity <reg> (architecture <arch_reg>) with generics from library <work>.

Elaborating entity <reg> (architecture <arch_reg>) with generics from library <work>.

Elaborating entity <reg> (architecture <arch_reg>) with generics from library <work>.

Elaborating entity <reg> (architecture <arch_reg>) with generics from library <work>.
WARNING:HDLCompiler:89 - "D:\LPRS2\lab2-master\source\rtl\vhdl\top.vhd" Line 117: <oddr2> remains a black-box since it has no binding entity.

Elaborating entity <vga_top> (architecture <rtl>) with generics from library <work>.

Elaborating entity <vga> (architecture <rtl>) with generics from library <work>.
WARNING:HDLCompiler:89 - "D:\LPRS2\lab2-master\source\rtl\vhdl\vga.vhd" Line 123: <srl16> remains a black-box since it has no binding entity.

Elaborating entity <vga_sync> (architecture <rtl>) with generics from library <work>.

Elaborating entity <dcm25MHz> (architecture <xilinx>) from library <work>.

Elaborating entity <char_rom> (architecture <Behavioral>) from library <work>.

Elaborating entity <char_rom_def> (architecture <char_rom_def_a>) from library <work>.
INFO:HDLCompiler:679 - "D:\LPRS2\lab2-master\source\rtl\vhdl\char_rom.vhd" Line 77. Case statement is complete. others clause is never selected

Elaborating entity <text_mem> (architecture <arc_text_mem>) with generics from library <work>.

Elaborating entity <graphics_mem> (architecture <arc_graphics_mem>) with generics from library <work>.
WARNING:HDLCompiler:1127 - "D:\LPRS2\lab2-master\source\rtl\vhdl\vga_top.vhd" Line 301: Assignment to grid_size ignored, since the identifier is never used

=========================================================================
*                           HDL Synthesis                               *
=========================================================================

Synthesizing Unit <top>.
    Related source file is "D:\LPRS2\lab2-master\source\rtl\vhdl\top.vhd".
        RES_TYPE = 1
        TEXT_MEM_DATA_WIDTH = 6
        GRAPH_MEM_DATA_WIDTH = 32
INFO:Xst:3210 - "D:\LPRS2\lab2-master\source\rtl\vhdl\top.vhd" line 377: Output port <dir_pixel_row_o> of the instance <vga_top_i> is unconnected or connected to loadless signal.
    Found 14-bit adder for signal <mem_r[13]_GND_5_o_add_51_OUT> created at line 490.
    Found 20-bit adder for signal <sh_cnt> created at line 498.
    Found 2-bit adder for signal <char_cnt_r[1]_GND_5_o_add_58_OUT> created at line 500.
    Found 20-bit adder for signal <graph_mem_r[19]_GND_5_o_add_67_OUT> created at line 531.
    Found 16-bit adder for signal <n0229> created at line 534.
    Found 16-bit adder for signal <GND_5_o_GND_5_o_add_73_OUT> created at line 534.
    Found 16-bit adder for signal <pixel_row_r[15]_GND_5_o_add_76_OUT> created at line 534.
    Found 16-bit adder for signal <pixel_colon_r[15]_GND_5_o_add_80_OUT> created at line 541.
    Found 20-bit adder for signal <sh_graph_cnt_r[19]_GND_5_o_add_82_OUT> created at line 544.
    Found 16-bit adder for signal <pixel_row_r[15]_GND_5_o_add_90_OUT> created at line 551.
    Found 14-bit subtractor for signal <GND_5_o_GND_5_o_sub_51_OUT<13:0>> created at line 488.
    Found 16-bit subtractor for signal <GND_5_o_GND_5_o_sub_71_OUT<15:0>> created at line 534.
    Found 16-bit subtractor for signal <GND_5_o_GND_5_o_sub_89_OUT<15:0>> created at line 552.
    Found 16-bit adder for signal <GND_5_o_GND_5_o_add_95_OUT> created at line 558.
    Found 4x6-bit Read Only RAM for signal <char_cnt_r[1]_GND_5_o_wide_mux_64_OUT>
WARNING:Xst:737 - Found 1-bit latch for signal <sh_graph_cnt<18>>. Latches may be generated from incomplete case or if statements. We do not recommend the use of latches in FPGA/CPLD designs, as they may lead to timing problems.
WARNING:Xst:737 - Found 1-bit latch for signal <sh_graph_cnt<17>>. Latches may be generated from incomplete case or if statements. We do not recommend the use of latches in FPGA/CPLD designs, as they may lead to timing problems.
WARNING:Xst:737 - Found 1-bit latch for signal <sh_graph_cnt<16>>. Latches may be generated from incomplete case or if statements. We do not recommend the use of latches in FPGA/CPLD designs, as they may lead to timing problems.
WARNING:Xst:737 - Found 1-bit latch for signal <sh_graph_cnt<15>>. Latches may be generated from incomplete case or if statements. We do not recommend the use of latches in FPGA/CPLD designs, as they may lead to timing problems.
WARNING:Xst:737 - Found 1-bit latch for signal <sh_graph_cnt<14>>. Latches may be generated from incomplete case or if statements. We do not recommend the use of latches in FPGA/CPLD designs, as they may lead to timing problems.
WARNING:Xst:737 - Found 1-bit latch for signal <sh_graph_cnt<13>>. Latches may be generated from incomplete case or if statements. We do not recommend the use of latches in FPGA/CPLD designs, as they may lead to timing problems.
WARNING:Xst:737 - Found 1-bit latch for signal <sh_graph_cnt<12>>. Latches may be generated from incomplete case or if statements. We do not recommend the use of latches in FPGA/CPLD designs, as they may lead to timing problems.
WARNING:Xst:737 - Found 1-bit latch for signal <sh_graph_cnt<11>>. Latches may be generated from incomplete case or if statements. We do not recommend the use of latches in FPGA/CPLD designs, as they may lead to timing problems.
WARNING:Xst:737 - Found 1-bit latch for signal <sh_graph_cnt<10>>. Latches may be generated from incomplete case or if statements. We do not recommend the use of latches in FPGA/CPLD designs, as they may lead to timing problems.
WARNING:Xst:737 - Found 1-bit latch for signal <sh_graph_cnt<9>>. Latches may be generated from incomplete case or if statements. We do not recommend the use of latches in FPGA/CPLD designs, as they may lead to timing problems.
WARNING:Xst:737 - Found 1-bit latch for signal <sh_graph_cnt<8>>. Latches may be generated from incomplete case or if statements. We do not recommend the use of latches in FPGA/CPLD designs, as they may lead to timing problems.
WARNING:Xst:737 - Found 1-bit latch for signal <sh_graph_cnt<7>>. Latches may be generated from incomplete case or if statements. We do not recommend the use of latches in FPGA/CPLD designs, as they may lead to timing problems.
WARNING:Xst:737 - Found 1-bit latch for signal <sh_graph_cnt<6>>. Latches may be generated from incomplete case or if statements. We do not recommend the use of latches in FPGA/CPLD designs, as they may lead to timing problems.
WARNING:Xst:737 - Found 1-bit latch for signal <sh_graph_cnt<5>>. Latches may be generated from incomplete case or if statements. We do not recommend the use of latches in FPGA/CPLD designs, as they may lead to timing problems.
WARNING:Xst:737 - Found 1-bit latch for signal <sh_graph_cnt<4>>. Latches may be generated from incomplete case or if statements. We do not recommend the use of latches in FPGA/CPLD designs, as they may lead to timing problems.
WARNING:Xst:737 - Found 1-bit latch for signal <sh_graph_cnt<3>>. Latches may be generated from incomplete case or if statements. We do not recommend the use of latches in FPGA/CPLD designs, as they may lead to timing problems.
WARNING:Xst:737 - Found 1-bit latch for signal <sh_graph_cnt<2>>. Latches may be generated from incomplete case or if statements. We do not recommend the use of latches in FPGA/CPLD designs, as they may lead to timing problems.
WARNING:Xst:737 - Found 1-bit latch for signal <sh_graph_cnt<1>>. Latches may be generated from incomplete case or if statements. We do not recommend the use of latches in FPGA/CPLD designs, as they may lead to timing problems.
WARNING:Xst:737 - Found 1-bit latch for signal <sh_graph_cnt<0>>. Latches may be generated from incomplete case or if statements. We do not recommend the use of latches in FPGA/CPLD designs, as they may lead to timing problems.
WARNING:Xst:737 - Found 1-bit latch for signal <sh_graph_cnt<19>>. Latches may be generated from incomplete case or if statements. We do not recommend the use of latches in FPGA/CPLD designs, as they may lead to timing problems.
    Found 11-bit comparator greater for signal <dir_pixel_column[10]_GND_5_o_LessThan_13_o> created at line 432
    Found 11-bit comparator greater for signal <dir_pixel_column[10]_GND_5_o_LessThan_15_o> created at line 436
    Found 11-bit comparator greater for signal <dir_pixel_column[10]_GND_5_o_LessThan_17_o> created at line 440
    Found 11-bit comparator greater for signal <dir_pixel_column[10]_GND_5_o_LessThan_19_o> created at line 444
    Found 11-bit comparator greater for signal <dir_pixel_column[10]_GND_5_o_LessThan_21_o> created at line 448
    Found 11-bit comparator greater for signal <dir_pixel_column[10]_GND_5_o_LessThan_23_o> created at line 452
    Found 11-bit comparator greater for signal <dir_pixel_column[10]_GND_5_o_LessThan_25_o> created at line 456
    Found 14-bit comparator greater for signal <mem_r[13]_GND_5_o_LessThan_45_o> created at line 480
    Found 20-bit comparator greater for signal <sh_cnt_r[19]_PWR_5_o_LessThan_61_o> created at line 503
    Found 20-bit comparator lessequal for signal <n0069> created at line 503
    Found 20-bit comparator lessequal for signal <n0080> created at line 534
    Found 20-bit comparator greater for signal <graph_mem_r[19]_GND_5_o_LessThan_75_o> created at line 534
    Found 16-bit comparator lessequal for signal <n0084> created at line 534
    Found 16-bit comparator greater for signal <pixel_colon_r[15]_pixel_row_r[15]_LessThan_78_o> created at line 534
    Found 16-bit comparator greater for signal <pixel_row_r[15]_GND_5_o_LessThan_86_o> created at line 551
    Found 16-bit comparator greater for signal <GND_5_o_pixel_row_r[15]_LessThan_88_o> created at line 552
    Found 20-bit comparator equal for signal <graph_mem_r[19]_GND_5_o_equal_97_o> created at line 558
    Summary:
	inferred   1 RAM(s).
	inferred  13 Adder/Subtractor(s).
	inferred  20 Latch(s).
	inferred  17 Comparator(s).
	inferred  28 Multiplexer(s).
Unit <top> synthesized.

Synthesizing Unit <reg_1>.
    Related source file is "D:\LPRS2\lab2-master\synthesis\lab2\reg.vhd".
        WIDTH = 14
        RST_INIT = 0
    Found 14-bit register for signal <r_q>.
    Summary:
	inferred  14 D-type flip-flop(s).
Unit <reg_1> synthesized.

Synthesizing Unit <reg_2>.
    Related source file is "D:\LPRS2\lab2-master\synthesis\lab2\reg.vhd".
        WIDTH = 2
        RST_INIT = 0
    Found 2-bit register for signal <r_q>.
    Summary:
	inferred   2 D-type flip-flop(s).
Unit <reg_2> synthesized.

Synthesizing Unit <reg_3>.
    Related source file is "D:\LPRS2\lab2-master\synthesis\lab2\reg.vhd".
        WIDTH = 20
        RST_INIT = 0
    Found 20-bit register for signal <r_q>.
    Summary:
	inferred  20 D-type flip-flop(s).
Unit <reg_3> synthesized.

Synthesizing Unit <reg_4>.
    Related source file is "D:\LPRS2\lab2-master\synthesis\lab2\reg.vhd".
        WIDTH = 1
        RST_INIT = 0
    Found 1-bit register for signal <r_q>.
    Summary:
	inferred   1 D-type flip-flop(s).
Unit <reg_4> synthesized.

Synthesizing Unit <reg_5>.
    Related source file is "D:\LPRS2\lab2-master\synthesis\lab2\reg.vhd".
        WIDTH = 16
        RST_INIT = 0
    Found 16-bit register for signal <r_q>.
    Summary:
	inferred  16 D-type flip-flop(s).
Unit <reg_5> synthesized.

Synthesizing Unit <vga_top>.
    Related source file is "D:\LPRS2\lab2-master\source\rtl\vhdl\vga_top.vhd".
        H_RES = 640
        V_RES = 480
        MEM_ADDR_WIDTH = 14
        GRAPH_MEM_ADDR_WIDTH = 20
        TEXT_MEM_DATA_WIDTH = 6
        GRAPH_MEM_DATA_WIDTH = 32
        RES_TYPE = 1
        MEM_SIZE = 4800
    Found 22-bit adder for signal <graph_pixel_addr_c> created at line 267.
    Found 22-bit adder for signal <txt_rom_addr_c> created at line 271.
    Found 11x11-bit multiplier for signal <n0100> created at line 267.
    Found 11x11-bit multiplier for signal <n0103> created at line 271.
    Summary:
	inferred   2 Multiplier(s).
	inferred   2 Adder/Subtractor(s).
Unit <vga_top> synthesized.

Synthesizing Unit <vga>.
    Related source file is "D:\LPRS2\lab2-master\source\rtl\vhdl\vga.vhd".
        RESOLUTION_TYPE = 1
        H_RES = 640
        V_RES = 480
    Found 1-bit register for signal <locked_del_reg_r>.
    Summary:
	inferred   1 D-type flip-flop(s).
Unit <vga> synthesized.

Synthesizing Unit <vga_sync>.
    Related source file is "D:\LPRS2\lab2-master\source\rtl\vhdl\vga_sync.vhd".
        HORIZONTAL_RES = 640
        VERTICAL_RES = 480
        FRAME_SIZE = 4
    Found 1-bit register for signal <horiz_sync_r>.
    Found 11-bit register for signal <v_count_r>.
    Found 1-bit register for signal <vert_sync_r>.
    Found 1-bit register for signal <horiz_sync_out_r>.
    Found 1-bit register for signal <vert_sync_out_r>.
    Found 1-bit register for signal <psave_r>.
    Found 1-bit register for signal <blank_r>.
    Found 1-bit register for signal <sync_r>.
    Found 1-bit register for signal <horiz_sync_out_d_r>.
    Found 1-bit register for signal <vert_sync_out_d_r>.
    Found 1-bit register for signal <psave_d_r>.
    Found 1-bit register for signal <blank_d_r>.
    Found 1-bit register for signal <sync_d_r>.
    Found 8-bit register for signal <red_r>.
    Found 8-bit register for signal <green_r>.
    Found 8-bit register for signal <blue_r>.
    Found 11-bit register for signal <h_count_r>.
    Found 11-bit adder for signal <h_count_r[10]_GND_16_o_add_12_OUT> created at line 212.
    Found 11-bit adder for signal <v_count_r[10]_GND_16_o_add_28_OUT> created at line 247.
    Found 12-bit comparator greater for signal <BUS_0002_GND_16_o_LessThan_12_o> created at line 212
    Found 12-bit comparator lessequal for signal <n0017> created at line 229
    Found 12-bit comparator greater for signal <BUS_0006_GND_16_o_LessThan_21_o> created at line 229
    Found 12-bit comparator lessequal for signal <BUS_0011_GND_16_o_LessThan_28_o> created at line 247
    Found 12-bit comparator lessequal for signal <n0038> created at line 266
    Found 12-bit comparator greater for signal <BUS_0017_GND_16_o_LessThan_41_o> created at line 266
    Found 11-bit comparator lessequal for signal <n0047> created at line 279
    Found 11-bit comparator lessequal for signal <n0049> created at line 279
    Found 11-bit comparator greater for signal <v_count_r[10]_GND_16_o_LessThan_62_o> created at line 370
    Found 11-bit comparator greater for signal <GND_16_o_v_count_r[10]_LessThan_63_o> created at line 371
    Found 11-bit comparator greater for signal <h_count_r[10]_GND_16_o_LessThan_64_o> created at line 372
    Found 11-bit comparator greater for signal <GND_16_o_h_count_r[10]_LessThan_65_o> created at line 373
    Summary:
	inferred   2 Adder/Subtractor(s).
	inferred  58 D-type flip-flop(s).
	inferred  12 Comparator(s).
Unit <vga_sync> synthesized.

Synthesizing Unit <dcm25MHz>.
    Related source file is "D:\LPRS2\lab2-master\source\coregen\dcm25MHz.vhd".
    Summary:
	no macro.
Unit <dcm25MHz> synthesized.

Synthesizing Unit <char_rom>.
    Related source file is "D:\LPRS2\lab2-master\source\rtl\vhdl\char_rom.vhd".
    Found 1-bit 8-to-1 multiplexer for signal <rom_mux_output_o> created at line 67.
    Summary:
	inferred   1 Multiplexer(s).
Unit <char_rom> synthesized.

Synthesizing Unit <text_mem>.
    Related source file is "D:\LPRS2\lab2-master\source\rtl\vhdl\text_mem.vhd".
        MEM_ADDR_WIDTH = 14
        MEM_DATA_WIDTH = 6
        MEM_SIZE = 4800
WARNING:Xst:647 - Input <wr_addr_i<13:13>> is never used. This port will be preserved and left unconnected if it belongs to a top-level block or it belongs to a sub-block and the hierarchy of this sub-block is preserved.
WARNING:Xst:647 - Input <reset_n_i> is never used. This port will be preserved and left unconnected if it belongs to a top-level block or it belongs to a sub-block and the hierarchy of this sub-block is preserved.
WARNING:Xst:3035 - Index value(s) does not match array range for signal <text_mem>, simulation mismatch.
    Found 4800x6-bit dual-port RAM <Mram_text_mem> for signal <text_mem>.
    Found 6-bit register for signal <rd_data_o>.
    Found 31-bit comparator greater for signal <index_t[30]_GND_27_o_LessThan_5_o> created at line 60
    Summary:
	inferred   1 RAM(s).
	inferred   6 D-type flip-flop(s).
	inferred   1 Comparator(s).
	inferred   1 Multiplexer(s).
Unit <text_mem> synthesized.

Synthesizing Unit <graphics_mem>.
    Related source file is "D:\LPRS2\lab2-master\source\rtl\vhdl\graphics_mem.vhd".
        MEM_ADDR_WIDTH = 20
        MEM_DATA_WIDTH = 32
        MEM_SIZE = 307200
WARNING:Xst:647 - Input <reset_n_i> is never used. This port will be preserved and left unconnected if it belongs to a top-level block or it belongs to a sub-block and the hierarchy of this sub-block is preserved.
WARNING:Xst:3035 - Index value(s) does not match array range for signal <graphics_mem>, simulation mismatch.
    Found 9600x32-bit dual-port RAM <Mram_graphics_mem> for signal <graphics_mem>.
    Found 32-bit register for signal <rd_value>.
    Found 1-bit 32-to-1 multiplexer for signal <rd_data_o> created at line 81.
    Found 31-bit comparator greater for signal <index_0_t[30]_GND_45_o_LessThan_8_o> created at line 84
    Found 31-bit comparator greater for signal <index_1_t[30]_GND_45_o_LessThan_11_o> created at line 87
    Found 31-bit comparator greater for signal <index_2_t[30]_GND_45_o_LessThan_14_o> created at line 90
    Summary:
	inferred   1 RAM(s).
	inferred  32 D-type flip-flop(s).
	inferred   3 Comparator(s).
	inferred   8 Multiplexer(s).
Unit <graphics_mem> synthesized.

=========================================================================
HDL Synthesis Report

Macro Statistics
# RAMs                                                 : 3
 4800x6-bit dual-port RAM                              : 1
 4x6-bit single-port Read Only RAM                     : 1
 9600x32-bit dual-port RAM                             : 1
# Multipliers                                          : 2
 11x11-bit multiplier                                  : 2
# Adders/Subtractors                                   : 17
 11-bit adder                                          : 2
 14-bit adder                                          : 1
 14-bit subtractor                                     : 1
 16-bit adder                                          : 5
 16-bit addsub                                         : 1
 16-bit subtractor                                     : 1
 2-bit adder                                           : 1
 20-bit adder                                          : 3
 22-bit adder                                          : 2
# Registers                                            : 30
 1-bit register                                        : 16
 11-bit register                                       : 2
 14-bit register                                       : 1
 16-bit register                                       : 2
 2-bit register                                        : 1
 20-bit register                                       : 3
 32-bit register                                       : 1
 6-bit register                                        : 1
 8-bit register                                        : 3
# Latches                                              : 20
 1-bit latch                                           : 20
# Comparators                                          : 33
 11-bit comparator greater                             : 11
 11-bit comparator lessequal                           : 2
 12-bit comparator greater                             : 3
 12-bit comparator lessequal                           : 3
 14-bit comparator greater                             : 1
 16-bit comparator greater                             : 3
 16-bit comparator lessequal                           : 1
 20-bit comparator equal                               : 1
 20-bit comparator greater                             : 2
 20-bit comparator lessequal                           : 2
 31-bit comparator greater                             : 4
# Multiplexers                                         : 38
 1-bit 2-to-1 multiplexer                              : 7
 1-bit 32-to-1 multiplexer                             : 1
 1-bit 8-to-1 multiplexer                              : 1
 14-bit 2-to-1 multiplexer                             : 5
 16-bit 2-to-1 multiplexer                             : 3
 2-bit 2-to-1 multiplexer                              : 1
 20-bit 2-to-1 multiplexer                             : 1
 31-bit 2-to-1 multiplexer                             : 3
 32-bit 2-to-1 multiplexer                             : 1
 6-bit 2-to-1 multiplexer                              : 1
 8-bit 2-to-1 multiplexer                              : 14
# Xors                                                 : 1
 1-bit xor2                                            : 1

=========================================================================
INFO:Xst:1767 - HDL ADVISOR - Resource sharing has identified that some arithmetic operations in this design can share the same physical resources for reduced device utilization. For improved clock frequency you may try to disable resource sharing.

=========================================================================
*                       Advanced HDL Synthesis                          *
=========================================================================

Reading core <../../source/coregen/char_rom/char_rom_def.ngc>.
Loading core <char_rom_def> for timing and area information for instance <BRAM_MEM_I>.
INFO:Xst:1901 - Instance B6 in unit char_rom_def of type RAMB16_S9 has been replaced by RAMB16BWER
INFO:Xst:2261 - The FF/Latch <red_r_0> in Unit <vga_sync_i> is equivalent to the following 7 FFs/Latches, which will be removed : <red_r_1> <red_r_2> <red_r_3> <red_r_4> <red_r_5> <red_r_6> <red_r_7> 
INFO:Xst:2261 - The FF/Latch <green_r_0> in Unit <vga_sync_i> is equivalent to the following 7 FFs/Latches, which will be removed : <green_r_1> <green_r_2> <green_r_3> <green_r_4> <green_r_5> <green_r_6> <green_r_7> 
WARNING:Xst:1710 - FF/Latch <blue_r_0> (without init value) has a constant value of 0 in block <vga_sync_i>. This FF/Latch will be trimmed during the optimization process.
WARNING:Xst:1710 - FF/Latch <blue_r_1> (without init value) has a constant value of 0 in block <vga_sync_i>. This FF/Latch will be trimmed during the optimization process.
WARNING:Xst:1710 - FF/Latch <blue_r_2> (without init value) has a constant value of 0 in block <vga_sync_i>. This FF/Latch will be trimmed during the optimization process.
WARNING:Xst:1710 - FF/Latch <blue_r_3> (without init value) has a constant value of 0 in block <vga_sync_i>. This FF/Latch will be trimmed during the optimization process.
WARNING:Xst:1710 - FF/Latch <blue_r_4> (without init value) has a constant value of 0 in block <vga_sync_i>. This FF/Latch will be trimmed during the optimization process.
WARNING:Xst:1710 - FF/Latch <blue_r_5> (without init value) has a constant value of 0 in block <vga_sync_i>. This FF/Latch will be trimmed during the optimization process.
WARNING:Xst:1710 - FF/Latch <blue_r_6> (without init value) has a constant value of 0 in block <vga_sync_i>. This FF/Latch will be trimmed during the optimization process.
WARNING:Xst:1710 - FF/Latch <blue_r_7> (without init value) has a constant value of 0 in block <vga_sync_i>. This FF/Latch will be trimmed during the optimization process.

Synthesizing (advanced) Unit <graphics_mem>.
INFO:Xst:3226 - The RAM <Mram_graphics_mem> will be implemented as a BLOCK RAM, absorbing the following register(s): <rd_value>
    -----------------------------------------------------------------------
    | ram_type           | Block                               |          |
    -----------------------------------------------------------------------
    | Port A                                                              |
    |     aspect ratio   | 9600-word x 32-bit                  |          |
    |     mode           | read-first                          |          |
    |     clkA           | connected to signal <clk_i>         | rise     |
    |     weA            | connected to signal <VCC>           | high     |
    |     addrA          | connected to signal <index_2>       |          |
    |     diA            | connected to signal <wr_data_i>     |          |
    -----------------------------------------------------------------------
    | optimization       | speed                               |          |
    -----------------------------------------------------------------------
    | Port B                                                              |
    |     aspect ratio   | 9600-word x 32-bit                  |          |
    |     mode           | write-first                         |          |
    |     clkB           | connected to signal <clk_i>         | rise     |
    |     addrB          | connected to signal <index_0>       |          |
    |     doB            | connected to signal <rd_value>      |          |
    -----------------------------------------------------------------------
    | optimization       | speed                               |          |
    -----------------------------------------------------------------------
Unit <graphics_mem> synthesized (advanced).

Synthesizing (advanced) Unit <text_mem>.
INFO:Xst:3226 - The RAM <Mram_text_mem> will be implemented as a BLOCK RAM, absorbing the following register(s): <rd_data_o>
    -----------------------------------------------------------------------
    | ram_type           | Block                               |          |
    -----------------------------------------------------------------------
    | Port A                                                              |
    |     aspect ratio   | 4800-word x 6-bit                   |          |
    |     mode           | read-first                          |          |
    |     clkA           | connected to signal <clk_i>         | rise     |
    |     weA            | connected to signal <VCC>           | high     |
    |     addrA          | connected to signal <wr_addr_i>     |          |
    |     diA            | connected to signal <wr_data_i>     |          |
    -----------------------------------------------------------------------
    | optimization       | speed                               |          |
    -----------------------------------------------------------------------
    | Port B                                                              |
    |     aspect ratio   | 4800-word x 6-bit                   |          |
    |     mode           | write-first                         |          |
    |     clkB           | connected to signal <clk_i>         | rise     |
    |     addrB          | connected to signal <index>         |          |
    |     doB            | connected to signal <rd_data_o>     |          |
    -----------------------------------------------------------------------
    | optimization       | speed                               |          |
    -----------------------------------------------------------------------
Unit <text_mem> synthesized (advanced).

Synthesizing (advanced) Unit <top>.
The following registers are absorbed into counter <sh_reg/r_q>: 1 register on signal <sh_reg/r_q>.
The following registers are absorbed into counter <colon_reg/r_q>: 1 register on signal <colon_reg/r_q>.
The following registers are absorbed into accumulator <row_reg/r_q>: 1 register on signal <row_reg/r_q>.
The following registers are absorbed into counter <graphics_reg/r_q>: 1 register on signal <graphics_reg/r_q>.
The following registers are absorbed into counter <char_reg/r_q>: 1 register on signal <char_reg/r_q>.
INFO:Xst:3218 - HDL ADVISOR - The RAM <Mram_char_cnt_r[1]_GND_5_o_wide_mux_64_OUT> will be implemented on LUTs either because you have described an asynchronous read or because of currently unsupported block RAM features. If you have described an asynchronous read, making it synchronous would allow you to take advantage of available block RAM resources, for optimized device usage and improved timings. Please refer to your documentation for coding guidelines.
    -----------------------------------------------------------------------
    | ram_type           | Distributed                         |          |
    -----------------------------------------------------------------------
    | Port A                                                              |
    |     aspect ratio   | 4-word x 6-bit                      |          |
    |     weA            | connected to signal <GND>           | high     |
    |     addrA          | connected to signal <char_cnt_r>    |          |
    |     diA            | connected to signal <GND>           |          |
    |     doA            | connected to internal node          |          |
    -----------------------------------------------------------------------
Unit <top> synthesized (advanced).

Synthesizing (advanced) Unit <vga_sync>.
The following registers are absorbed into counter <h_count_r>: 1 register on signal <h_count_r>.
The following registers are absorbed into counter <v_count_r>: 1 register on signal <v_count_r>.
Unit <vga_sync> synthesized (advanced).

Synthesizing (advanced) Unit <vga_top>.
	Multiplier <Mmult_n0100> in block <vga_top> and adder/subtractor <Madd_graph_pixel_addr_c_Madd> in block <vga_top> are combined into a MAC<Maddsub_n0100>.
	Multiplier <Mmult_n0103> in block <vga_top> and adder/subtractor <Madd_txt_rom_addr_c_Madd> in block <vga_top> are combined into a MAC<Maddsub_n0103>.
Unit <vga_top> synthesized (advanced).

=========================================================================
Advanced HDL Synthesis Report

Macro Statistics
# RAMs                                                 : 3
 4800x6-bit dual-port block RAM                        : 1
 4x6-bit single-port distributed Read Only RAM         : 1
 9600x32-bit dual-port block RAM                       : 1
# MACs                                                 : 2
 11x11-to-20-bit MAC                                   : 1
 8x7-to-14-bit MAC                                     : 1
# Adders/Subtractors                                   : 9
 14-bit adder                                          : 1
 14-bit subtractor                                     : 1
 16-bit adder                                          : 4
 16-bit subtractor                                     : 1
 20-bit adder                                          : 2
# Counters                                             : 6
 11-bit up counter                                     : 2
 16-bit up counter                                     : 1
 2-bit up counter                                      : 1
 20-bit up counter                                     : 2
# Accumulators                                         : 1
 16-bit updown accumulator                             : 1
# Registers                                            : 74
 Flip-Flops                                            : 74
# Comparators                                          : 33
 11-bit comparator greater                             : 11
 11-bit comparator lessequal                           : 2
 12-bit comparator greater                             : 3
 12-bit comparator lessequal                           : 3
 14-bit comparator greater                             : 1
 16-bit comparator greater                             : 3
 16-bit comparator lessequal                           : 1
 20-bit comparator equal                               : 1
 20-bit comparator greater                             : 2
 20-bit comparator lessequal                           : 2
 31-bit comparator greater                             : 4
# Multiplexers                                         : 36
 1-bit 2-to-1 multiplexer                              : 7
 1-bit 32-to-1 multiplexer                             : 1
 1-bit 8-to-1 multiplexer                              : 1
 14-bit 2-to-1 multiplexer                             : 5
 16-bit 2-to-1 multiplexer                             : 2
 20-bit 2-to-1 multiplexer                             : 1
 31-bit 2-to-1 multiplexer                             : 3
 32-bit 2-to-1 multiplexer                             : 1
 6-bit 2-to-1 multiplexer                              : 1
 8-bit 2-to-1 multiplexer                              : 14
# Xors                                                 : 1
 1-bit xor2                                            : 1

=========================================================================

=========================================================================
*                         Low Level Synthesis                           *
=========================================================================
WARNING:Xst:1710 - FF/Latch <blue_r_0> (without init value) has a constant value of 0 in block <vga_sync>. This FF/Latch will be trimmed during the optimization process.
WARNING:Xst:1895 - Due to other FF/Latch trimming, FF/Latch <blue_r_1> (without init value) has a constant value of 0 in block <vga_sync>. This FF/Latch will be trimmed during the optimization process.
WARNING:Xst:1895 - Due to other FF/Latch trimming, FF/Latch <blue_r_2> (without init value) has a constant value of 0 in block <vga_sync>. This FF/Latch will be trimmed during the optimization process.
WARNING:Xst:1895 - Due to other FF/Latch trimming, FF/Latch <blue_r_3> (without init value) has a constant value of 0 in block <vga_sync>. This FF/Latch will be trimmed during the optimization process.
WARNING:Xst:1895 - Due to other FF/Latch trimming, FF/Latch <blue_r_4> (without init value) has a constant value of 0 in block <vga_sync>. This FF/Latch will be trimmed during the optimization process.
WARNING:Xst:1895 - Due to other FF/Latch trimming, FF/Latch <blue_r_5> (without init value) has a constant value of 0 in block <vga_sync>. This FF/Latch will be trimmed during the optimization process.
WARNING:Xst:1895 - Due to other FF/Latch trimming, FF/Latch <blue_r_6> (without init value) has a constant value of 0 in block <vga_sync>. This FF/Latch will be trimmed during the optimization process.
WARNING:Xst:1895 - Due to other FF/Latch trimming, FF/Latch <blue_r_7> (without init value) has a constant value of 0 in block <vga_sync>. This FF/Latch will be trimmed during the optimization process.
INFO:Xst:2261 - The FF/Latch <red_r_0> in Unit <vga_sync> is equivalent to the following 7 FFs/Latches, which will be removed : <red_r_1> <red_r_2> <red_r_3> <red_r_4> <red_r_5> <red_r_6> <red_r_7> 
INFO:Xst:2261 - The FF/Latch <green_r_0> in Unit <vga_sync> is equivalent to the following 7 FFs/Latches, which will be removed : <green_r_1> <green_r_2> <green_r_3> <green_r_4> <green_r_5> <green_r_6> <green_r_7> 

Optimizing unit <top> ...

Optimizing unit <vga_sync> ...

Optimizing unit <graphics_mem> ...

Optimizing unit <reg_1> ...
INFO:Xst:2399 - RAMs <vga_top_i/graphics_mem_i/Mram_graphics_mem32>, <vga_top_i/graphics_mem_i/Mram_graphics_mem31> are equivalent, second RAM is removed
INFO:Xst:2399 - RAMs <vga_top_i/graphics_mem_i/Mram_graphics_mem32>, <vga_top_i/graphics_mem_i/Mram_graphics_mem29> are equivalent, second RAM is removed
INFO:Xst:2399 - RAMs <vga_top_i/graphics_mem_i/Mram_graphics_mem32>, <vga_top_i/graphics_mem_i/Mram_graphics_mem28> are equivalent, second RAM is removed
INFO:Xst:2399 - RAMs <vga_top_i/graphics_mem_i/Mram_graphics_mem32>, <vga_top_i/graphics_mem_i/Mram_graphics_mem30> are equivalent, second RAM is removed
INFO:Xst:2399 - RAMs <vga_top_i/graphics_mem_i/Mram_graphics_mem32>, <vga_top_i/graphics_mem_i/Mram_graphics_mem27> are equivalent, second RAM is removed
INFO:Xst:2399 - RAMs <vga_top_i/graphics_mem_i/Mram_graphics_mem32>, <vga_top_i/graphics_mem_i/Mram_graphics_mem26> are equivalent, second RAM is removed
INFO:Xst:2399 - RAMs <vga_top_i/graphics_mem_i/Mram_graphics_mem32>, <vga_top_i/graphics_mem_i/Mram_graphics_mem24> are equivalent, second RAM is removed
INFO:Xst:2399 - RAMs <vga_top_i/graphics_mem_i/Mram_graphics_mem32>, <vga_top_i/graphics_mem_i/Mram_graphics_mem23> are equivalent, second RAM is removed
INFO:Xst:2399 - RAMs <vga_top_i/graphics_mem_i/Mram_graphics_mem32>, <vga_top_i/graphics_mem_i/Mram_graphics_mem25> are equivalent, second RAM is removed
INFO:Xst:2399 - RAMs <vga_top_i/graphics_mem_i/Mram_graphics_mem32>, <vga_top_i/graphics_mem_i/Mram_graphics_mem22> are equivalent, second RAM is removed
INFO:Xst:2399 - RAMs <vga_top_i/graphics_mem_i/Mram_graphics_mem32>, <vga_top_i/graphics_mem_i/Mram_graphics_mem21> are equivalent, second RAM is removed
INFO:Xst:2399 - RAMs <vga_top_i/graphics_mem_i/Mram_graphics_mem32>, <vga_top_i/graphics_mem_i/Mram_graphics_mem12> are equivalent, second RAM is removed
INFO:Xst:2399 - RAMs <vga_top_i/graphics_mem_i/Mram_graphics_mem32>, <vga_top_i/graphics_mem_i/Mram_graphics_mem11> are equivalent, second RAM is removed
INFO:Xst:2399 - RAMs <vga_top_i/graphics_mem_i/Mram_graphics_mem32>, <vga_top_i/graphics_mem_i/Mram_graphics_mem10> are equivalent, second RAM is removed
INFO:Xst:2399 - RAMs <vga_top_i/graphics_mem_i/Mram_graphics_mem32>, <vga_top_i/graphics_mem_i/Mram_graphics_mem8> are equivalent, second RAM is removed
INFO:Xst:2399 - RAMs <vga_top_i/graphics_mem_i/Mram_graphics_mem32>, <vga_top_i/graphics_mem_i/Mram_graphics_mem7> are equivalent, second RAM is removed
INFO:Xst:2399 - RAMs <vga_top_i/graphics_mem_i/Mram_graphics_mem32>, <vga_top_i/graphics_mem_i/Mram_graphics_mem9> are equivalent, second RAM is removed
INFO:Xst:2399 - RAMs <vga_top_i/graphics_mem_i/Mram_graphics_mem32>, <vga_top_i/graphics_mem_i/Mram_graphics_mem5> are equivalent, second RAM is removed
INFO:Xst:2399 - RAMs <vga_top_i/graphics_mem_i/Mram_graphics_mem32>, <vga_top_i/graphics_mem_i/Mram_graphics_mem4> are equivalent, second RAM is removed
INFO:Xst:2399 - RAMs <vga_top_i/graphics_mem_i/Mram_graphics_mem32>, <vga_top_i/graphics_mem_i/Mram_graphics_mem6> are equivalent, second RAM is removed
INFO:Xst:2399 - RAMs <vga_top_i/graphics_mem_i/Mram_graphics_mem32>, <vga_top_i/graphics_mem_i/Mram_graphics_mem2> are equivalent, second RAM is removed
INFO:Xst:2399 - RAMs <vga_top_i/graphics_mem_i/Mram_graphics_mem32>, <vga_top_i/graphics_mem_i/Mram_graphics_mem1> are equivalent, second RAM is removed
INFO:Xst:2399 - RAMs <vga_top_i/graphics_mem_i/Mram_graphics_mem32>, <vga_top_i/graphics_mem_i/Mram_graphics_mem3> are equivalent, second RAM is removed
INFO:Xst:2399 - RAMs <vga_top_i/graphics_mem_i/Mram_graphics_mem19>, <vga_top_i/graphics_mem_i/Mram_graphics_mem18> are equivalent, second RAM is removed
INFO:Xst:2399 - RAMs <vga_top_i/graphics_mem_i/Mram_graphics_mem19>, <vga_top_i/graphics_mem_i/Mram_graphics_mem20> are equivalent, second RAM is removed
INFO:Xst:2399 - RAMs <vga_top_i/graphics_mem_i/Mram_graphics_mem19>, <vga_top_i/graphics_mem_i/Mram_graphics_mem16> are equivalent, second RAM is removed
INFO:Xst:2399 - RAMs <vga_top_i/graphics_mem_i/Mram_graphics_mem19>, <vga_top_i/graphics_mem_i/Mram_graphics_mem15> are equivalent, second RAM is removed
INFO:Xst:2399 - RAMs <vga_top_i/graphics_mem_i/Mram_graphics_mem19>, <vga_top_i/graphics_mem_i/Mram_graphics_mem17> are equivalent, second RAM is removed
INFO:Xst:2399 - RAMs <vga_top_i/graphics_mem_i/Mram_graphics_mem19>, <vga_top_i/graphics_mem_i/Mram_graphics_mem13> are equivalent, second RAM is removed
INFO:Xst:2399 - RAMs <vga_top_i/graphics_mem_i/Mram_graphics_mem19>, <vga_top_i/graphics_mem_i/Mram_graphics_mem14> are equivalent, second RAM is removed
WARNING:Xst:1710 - FF/Latch <vga_top_i/vga_i/vga_sync_i/v_count_r_10> (without init value) has a constant value of 0 in block <top>. This FF/Latch will be trimmed during the optimization process.
WARNING:Xst:1710 - FF/Latch <vga_top_i/vga_i/vga_sync_i/h_count_r_10> (without init value) has a constant value of 0 in block <top>. This FF/Latch will be trimmed during the optimization process.
WARNING:Xst:1710 - FF/Latch <row_reg/r_q_15> (without init value) has a constant value of 0 in block <top>. This FF/Latch will be trimmed during the optimization process.
WARNING:Xst:1710 - FF/Latch <row_reg/r_q_14> (without init value) has a constant value of 0 in block <top>. This FF/Latch will be trimmed during the optimization process.
WARNING:Xst:1710 - FF/Latch <row_reg/r_q_13> (without init value) has a constant value of 0 in block <top>. This FF/Latch will be trimmed during the optimization process.
WARNING:Xst:1710 - FF/Latch <row_reg/r_q_12> (without init value) has a constant value of 0 in block <top>. This FF/Latch will be trimmed during the optimization process.
WARNING:Xst:1710 - FF/Latch <row_reg/r_q_11> (without init value) has a constant value of 0 in block <top>. This FF/Latch will be trimmed during the optimization process.
WARNING:Xst:1710 - FF/Latch <row_reg/r_q_10> (without init value) has a constant value of 0 in block <top>. This FF/Latch will be trimmed during the optimization process.
WARNING:Xst:1710 - FF/Latch <row_reg/r_q_9> (without init value) has a constant value of 0 in block <top>. This FF/Latch will be trimmed during the optimization process.
WARNING:Xst:1710 - FF/Latch <row_reg/r_q_8> (without init value) has a constant value of 0 in block <top>. This FF/Latch will be trimmed during the optimization process.
WARNING:Xst:1710 - FF/Latch <row_reg/r_q_7> (without init value) has a constant value of 0 in block <top>. This FF/Latch will be trimmed during the optimization process.
WARNING:Xst:1710 - FF/Latch <row_reg/r_q_6> (without init value) has a constant value of 0 in block <top>. This FF/Latch will be trimmed during the optimization process.
WARNING:Xst:1710 - FF/Latch <row_reg/r_q_5> (without init value) has a constant value of 0 in block <top>. This FF/Latch will be trimmed during the optimization process.
WARNING:Xst:1710 - FF/Latch <row_reg/r_q_4> (without init value) has a constant value of 0 in block <top>. This FF/Latch will be trimmed during the optimization process.
WARNING:Xst:1710 - FF/Latch <colon_reg/r_q_15> (without init value) has a constant value of 0 in block <top>. This FF/Latch will be trimmed during the optimization process.
WARNING:Xst:1710 - FF/Latch <colon_reg/r_q_14> (without init value) has a constant value of 0 in block <top>. This FF/Latch will be trimmed during the optimization process.
WARNING:Xst:1710 - FF/Latch <colon_reg/r_q_13> (without init value) has a constant value of 0 in block <top>. This FF/Latch will be trimmed during the optimization process.
WARNING:Xst:1710 - FF/Latch <colon_reg/r_q_12> (without init value) has a constant value of 0 in block <top>. This FF/Latch will be trimmed during the optimization process.
WARNING:Xst:1710 - FF/Latch <colon_reg/r_q_11> (without init value) has a constant value of 0 in block <top>. This FF/Latch will be trimmed during the optimization process.
WARNING:Xst:1710 - FF/Latch <colon_reg/r_q_10> (without init value) has a constant value of 0 in block <top>. This FF/Latch will be trimmed during the optimization process.
WARNING:Xst:1710 - FF/Latch <colon_reg/r_q_9> (without init value) has a constant value of 0 in block <top>. This FF/Latch will be trimmed during the optimization process.
WARNING:Xst:1710 - FF/Latch <colon_reg/r_q_8> (without init value) has a constant value of 0 in block <top>. This FF/Latch will be trimmed during the optimization process.
WARNING:Xst:1710 - FF/Latch <colon_reg/r_q_7> (without init value) has a constant value of 0 in block <top>. This FF/Latch will be trimmed during the optimization process.
WARNING:Xst:1710 - FF/Latch <colon_reg/r_q_6> (without init value) has a constant value of 0 in block <top>. This FF/Latch will be trimmed during the optimization process.
WARNING:Xst:1710 - FF/Latch <colon_reg/r_q_5> (without init value) has a constant value of 0 in block <top>. This FF/Latch will be trimmed during the optimization process.
WARNING:Xst:1710 - FF/Latch <graphics_reg/r_q_19> (without init value) has a constant value of 0 in block <top>. This FF/Latch will be trimmed during the optimization process.
WARNING:Xst:1710 - FF/Latch <graphics_reg/r_q_18> (without init value) has a constant value of 0 in block <top>. This FF/Latch will be trimmed during the optimization process.
WARNING:Xst:1710 - FF/Latch <graphics_reg/r_q_17> (without init value) has a constant value of 0 in block <top>. This FF/Latch will be trimmed during the optimization process.
WARNING:Xst:1710 - FF/Latch <graphics_reg/r_q_16> (without init value) has a constant value of 0 in block <top>. This FF/Latch will be trimmed during the optimization process.
WARNING:Xst:1710 - FF/Latch <graphics_reg/r_q_15> (without init value) has a constant value of 0 in block <top>. This FF/Latch will be trimmed during the optimization process.
WARNING:Xst:1710 - FF/Latch <graphics_reg/r_q_14> (without init value) has a constant value of 0 in block <top>. This FF/Latch will be trimmed during the optimization process.
INFO:Xst:2261 - The FF/Latch <graphics_reg/r_q_2> in Unit <top> is equivalent to the following FF/Latch, which will be removed : <sh_reg/r_q_2> 
INFO:Xst:2261 - The FF/Latch <graphics_reg/r_q_3> in Unit <top> is equivalent to the following FF/Latch, which will be removed : <sh_reg/r_q_3> 
INFO:Xst:2261 - The FF/Latch <graphics_reg/r_q_4> in Unit <top> is equivalent to the following FF/Latch, which will be removed : <sh_reg/r_q_4> 
INFO:Xst:2261 - The FF/Latch <graphics_reg/r_q_5> in Unit <top> is equivalent to the following FF/Latch, which will be removed : <sh_reg/r_q_5> 
INFO:Xst:2261 - The FF/Latch <graphics_reg/r_q_6> in Unit <top> is equivalent to the following FF/Latch, which will be removed : <sh_reg/r_q_6> 
INFO:Xst:2261 - The FF/Latch <colon_reg/r_q_0> in Unit <top> is equivalent to the following 2 FFs/Latches, which will be removed : <graphics_reg/r_q_0> <sh_reg/r_q_0> 
INFO:Xst:2261 - The FF/Latch <colon_reg/r_q_1> in Unit <top> is equivalent to the following 2 FFs/Latches, which will be removed : <graphics_reg/r_q_1> <sh_reg/r_q_1> 

Mapping all equations...
Building and optimizing final netlist ...
Found area constraint ratio of 100 (+ 5) on block top, actual ratio is 1.

Final Macro Processing ...

=========================================================================
Final Register Report

Macro Statistics
# Registers                                            : 108
 Flip-Flops                                            : 108

=========================================================================

=========================================================================
*                           Partition Report                            *
=========================================================================

Partition Implementation Status
-------------------------------

  No Partitions were found in this design.

-------------------------------

=========================================================================
*                            Design Summary                             *
=========================================================================

Top Level Output File Name         : top.ngc

Primitive and Black Box Usage:
------------------------------
# BELS                             : 631
#      GND                         : 2
#      INV                         : 32
#      LUT1                        : 103
#      LUT2                        : 10
#      LUT3                        : 19
#      LUT4                        : 37
#      LUT5                        : 45
#      LUT6                        : 79
#      MUXCY                       : 168
#      MUXF7                       : 1
#      VCC                         : 2
#      XORCY                       : 133
# FlipFlops/Latches                : 129
#      FD                          : 1
#      FDC                         : 73
#      FDR                         : 22
#      FDRE                        : 10
#      FDS                         : 1
#      FDSE                        : 1
#      LD                          : 20
#      ODDR2                       : 1
# RAMS                             : 6
#      RAMB16BWER                  : 6
# Shift Registers                  : 1
#      SRL16                       : 1
# Clock Buffers                    : 2
#      BUFG                        : 2
# IO Buffers                       : 35
#      IBUF                        : 4
#      IBUFG                       : 1
#      OBUF                        : 30
# DCMs                             : 1
#      DCM_SP                      : 1
# DSPs                             : 2
#      DSP48A1                     : 2

Device utilization summary:
---------------------------

Selected Device : 6slx45fgg676-2 


Slice Logic Utilization: 
 Number of Slice Registers:             129  out of  54576     0%  
 Number of Slice LUTs:                  326  out of  27288     1%  
    Number used as Logic:               325  out of  27288     1%  
    Number used as Memory:                1  out of   6408     0%  
       Number used as SRL:                1

Slice Logic Distribution: 
 Number of LUT Flip Flop pairs used:    360
   Number with an unused Flip Flop:     231  out of    360    64%  
   Number with an unused LUT:            34  out of    360     9%  
   Number of fully used LUT-FF pairs:    95  out of    360    26%  
   Number of unique control sets:         9

IO Utilization: 
 Number of IOs:                          35
 Number of bonded IOBs:                  35  out of    358     9%  

Specific Feature Utilization:
 Number of Block RAM/FIFO:                6  out of    116     5%  
    Number using Block RAM only:          6
 Number of BUFG/BUFGCTRLs:                2  out of     16    12%  
 Number of DSP48A1s:                      2  out of     58     3%  

---------------------------
Partition Resource Summary:
---------------------------

  No Partitions were found in this design.

---------------------------


=========================================================================
Timing Report

NOTE: THESE TIMING NUMBERS ARE ONLY A SYNTHESIS ESTIMATE.
      FOR ACCURATE TIMING INFORMATION PLEASE REFER TO THE TRACE REPORT
      GENERATED AFTER PLACE-and-ROUTE.

Clock Information:
------------------
-------------------------------------------+-------------------------+-------+
Clock Signal                               | Clock buffer(FF name)   | Load  |
-------------------------------------------+-------------------------+-------+
sw1_i_sw3_i_OR_75_o(sw1_i_sw3_i_OR_75_o1:O)| BUFG(*)(sh_graph_cnt_18)| 20    |
clk_i                                      | DCM_SP:CLKFX            | 119   |
-------------------------------------------+-------------------------+-------+
(*) This 1 clock signal(s) are generated by combinatorial logic,
and XST is not able to identify which are the primary clock signals.
Please use the CLOCK_SIGNAL constraint to specify the clock signal(s) generated by combinatorial logic.

Asynchronous Control Signals Information:
----------------------------------------
No asynchronous control signals found in this design

Timing Summary:
---------------
Speed Grade: -2

   Minimum period: 9.547ns (Maximum Frequency: 104.743MHz)
   Minimum input arrival time before clock: 4.575ns
   Maximum output required time after clock: 4.444ns
   Maximum combinational path delay: No path found

Timing Details:
---------------
All values displayed in nanoseconds (ns)

=========================================================================
Timing constraint: Default period analysis for Clock 'clk_i'
  Clock period: 9.547ns (frequency: 104.743MHz)
  Total number of paths / destination ports: 22462 / 373
-------------------------------------------------------------------------
Delay:               10.311ns (Levels of Logic = 3)
  Source:            vga_top_i/vga_i/vga_sync_i/v_count_r_8 (FF)
  Destination:       vga_top_i/text_mem_i/Mram_text_mem3 (RAM)
  Source Clock:      clk_i rising 0.9X
  Destination Clock: clk_i rising 0.9X

  Data Path: vga_top_i/vga_i/vga_sync_i/v_count_r_8 to vga_top_i/text_mem_i/Mram_text_mem3
                                Gate     Net
    Cell:in->out      fanout   Delay   Delay  Logical Name (Net Name)
    ----------------------------------------  ------------
     FDRE:C->Q             9   0.525   0.975  vga_top_i/vga_i/vga_sync_i/v_count_r_8 (vga_top_i/vga_i/vga_sync_i/v_count_r_8)
     DSP48A1:B4->P11       5   5.145   0.949  vga_top_i/Maddsub_n0103 (vga_top_i/txt_rom_addr_c<11>)
     LUT2:I0->O            8   0.250   1.052  vga_top_i/text_mem_i/index_t[30]_GND_27_o_LessThan_5_o1_SW2 (N35)
     LUT6:I4->O            3   0.250   0.765  vga_top_i/text_mem_i/Mmux_index111 (vga_top_i/text_mem_i/index<7>)
     RAMB16BWER:ADDRB8         0.400          vga_top_i/text_mem_i/Mram_text_mem3
    ----------------------------------------
    Total                     10.311ns (6.570ns logic, 3.741ns route)
                                       (63.7% logic, 36.3% route)

=========================================================================
Timing constraint: Default OFFSET IN BEFORE for Clock 'clk_i'
  Total number of paths / destination ports: 20 / 6
-------------------------------------------------------------------------
Offset:              4.575ns (Levels of Logic = 7)
  Source:            sw1_i (PAD)
  Destination:       row_reg/r_q_3 (FF)
  Destination Clock: clk_i rising 0.9X

  Data Path: sw1_i to row_reg/r_q_3
                                Gate     Net
    Cell:in->out      fanout   Delay   Delay  Logical Name (Net Name)
    ----------------------------------------  ------------
     IBUF:I->O             6   1.328   1.104  sw1_i_IBUF (sw1_i_IBUF)
     LUT4:I1->O            1   0.235   1.112  sw1_i_pixel_row_r[15]_AND_148_o1 (sw1_i_pixel_row_r[15]_AND_148_o)
     LUT6:I1->O            1   0.254   0.000  row_reg/Maccum_r_q_lut<0> (row_reg/Maccum_r_q_lut<0>)
     MUXCY:S->O            1   0.215   0.000  row_reg/Maccum_r_q_cy<0> (row_reg/Maccum_r_q_cy<0>)
     MUXCY:CI->O           1   0.023   0.000  row_reg/Maccum_r_q_cy<1> (row_reg/Maccum_r_q_cy<1>)
     MUXCY:CI->O           0   0.023   0.000  row_reg/Maccum_r_q_cy<2> (row_reg/Maccum_r_q_cy<2>)
     XORCY:CI->O           1   0.206   0.000  row_reg/Maccum_r_q_xor<3> (Result<3>3)
     FDC:D                     0.074          row_reg/r_q_3
    ----------------------------------------
    Total                      4.575ns (2.359ns logic, 2.216ns route)
                                       (51.6% logic, 48.4% route)

=========================================================================
Timing constraint: Default OFFSET OUT AFTER for Clock 'clk_i'
  Total number of paths / destination ports: 21 / 21
-------------------------------------------------------------------------
Offset:              4.444ns (Levels of Logic = 1)
  Source:            vga_top_i/vga_i/vga_sync_i/green_r_0 (FF)
  Destination:       green_o<7> (PAD)
  Source Clock:      clk_i rising 0.9X

  Data Path: vga_top_i/vga_i/vga_sync_i/green_r_0 to green_o<7>
                                Gate     Net
    Cell:in->out      fanout   Delay   Delay  Logical Name (Net Name)
    ----------------------------------------  ------------
     FDR:C->Q             10   0.525   1.007  vga_top_i/vga_i/vga_sync_i/green_r_0 (vga_top_i/vga_i/vga_sync_i/green_r_0)
     OBUF:I->O                 2.912          green_o_7_OBUF (green_o<7>)
    ----------------------------------------
    Total                      4.444ns (3.437ns logic, 1.007ns route)
                                       (77.3% logic, 22.7% route)

=========================================================================

Cross Clock Domains Report:
--------------------------

Clock to Setup on destination clock clk_i
-------------------+---------+---------+---------+---------+
                   | Src:Rise| Src:Fall| Src:Rise| Src:Fall|
Source Clock       |Dest:Rise|Dest:Rise|Dest:Fall|Dest:Fall|
-------------------+---------+---------+---------+---------+
clk_i              |   10.311|         |         |         |
sw1_i_sw3_i_OR_75_o|         |    1.336|         |         |
-------------------+---------+---------+---------+---------+

Clock to Setup on destination clock sw1_i_sw3_i_OR_75_o
---------------+---------+---------+---------+---------+
               | Src:Rise| Src:Fall| Src:Rise| Src:Fall|
Source Clock   |Dest:Rise|Dest:Rise|Dest:Fall|Dest:Fall|
---------------+---------+---------+---------+---------+
clk_i          |         |         |    2.421|         |
---------------+---------+---------+---------+---------+

=========================================================================


Total REAL time to Xst completion: 7.00 secs
Total CPU time to Xst completion: 7.29 secs
 
--> 

Total memory usage is 283276 kilobytes

Number of errors   :    0 (   0 filtered)
Number of warnings :   77 (   0 filtered)
Number of infos    :   47 (   0 filtered)

