--------------------------------------------------------------------------------
Release 14.6 Trace  (nt64)
Copyright (c) 1995-2013 Xilinx, Inc.  All rights reserved.

C:\Xilinx\14.6\ISE_DS\ISE\bin\nt64\unwrapped\trce.exe -intstyle ise -v 3 -s 2
-n 3 -fastpaths -xml top.twx top.ncd -o top.twr top.pcf -ucf top.ucf

Design file:              top.ncd
Physical constraint file: top.pcf
Device,package,speed:     xc6slx45,fgg676,C,-2 (PRODUCTION 1.23 2013-06-08)
Report level:             verbose report

Environment Variable      Effect 
--------------------      ------ 
NONE                      No environment variables were set
--------------------------------------------------------------------------------

INFO:Timing:2698 - No timing constraints found, doing default enumeration.
INFO:Timing:3412 - To improve timing, see the Timing Closure User Guide (UG612).
INFO:Timing:2752 - To get complete path coverage, use the unconstrained paths 
   option. All paths that are not constrained will be reported in the 
   unconstrained paths section(s) of the report.
INFO:Timing:3339 - The clock-to-out numbers in this timing report are based on 
   a 50 Ohm transmission line loading model.  For the details of this model, 
   and for more information on accounting for different loading conditions, 
   please see the device datasheet.



Data Sheet report:
-----------------
All values displayed in nanoseconds (ns)

Setup/Hold to clock clk_i
------------+------------+------------+------------+------------+---------------------+--------+
            |Max Setup to|  Process   |Max Hold to |  Process   |                     | Clock  |
Source      | clk (edge) |   Corner   | clk (edge) |   Corner   |Internal Clock(s)    | Phase  |
------------+------------+------------+------------+------------+---------------------+--------+
reset_n_i   |    5.396(R)|      SLOW  |   -2.733(R)|      FAST  |vga_top_i/vga_i/clk_s|   0.000|
------------+------------+------------+------------+------------+---------------------+--------+

Clock clk_i to Pad
------------+-----------------+------------+-----------------+------------+---------------------+--------+
            |Max (slowest) clk|  Process   |Min (fastest) clk|  Process   |                     | Clock  |
Destination |  (edge) to PAD  |   Corner   |  (edge) to PAD  |   Corner   |Internal Clock(s)    | Phase  |
------------+-----------------+------------+-----------------+------------+---------------------+--------+
blank_o     |        14.589(R)|      SLOW  |         6.578(R)|      FAST  |vga_top_i/vga_i/clk_s|   0.000|
green_o<0>  |        17.967(R)|      SLOW  |         8.598(R)|      FAST  |vga_top_i/vga_i/clk_s|   0.000|
green_o<1>  |        17.172(R)|      SLOW  |         8.134(R)|      FAST  |vga_top_i/vga_i/clk_s|   0.000|
green_o<2>  |        17.002(R)|      SLOW  |         8.040(R)|      FAST  |vga_top_i/vga_i/clk_s|   0.000|
green_o<3>  |        17.047(R)|      SLOW  |         8.080(R)|      FAST  |vga_top_i/vga_i/clk_s|   0.000|
green_o<4>  |        13.857(R)|      SLOW  |         6.266(R)|      FAST  |vga_top_i/vga_i/clk_s|   0.000|
green_o<5>  |        16.763(R)|      SLOW  |         7.897(R)|      FAST  |vga_top_i/vga_i/clk_s|   0.000|
green_o<6>  |        14.041(R)|      SLOW  |         6.364(R)|      FAST  |vga_top_i/vga_i/clk_s|   0.000|
green_o<7>  |        16.118(R)|      SLOW  |         7.444(R)|      FAST  |vga_top_i/vga_i/clk_s|   0.000|
pix_clock_o |        12.109(R)|      SLOW  |         5.212(R)|      FAST  |vga_top_i/vga_i/clk_s|   0.000|
            |        12.047(F)|      SLOW  |         5.146(F)|      FAST  |vga_top_i/vga_i/clk_s|   0.000|
psave_o     |        14.377(R)|      SLOW  |         6.523(R)|      FAST  |vga_top_i/vga_i/clk_s|   0.000|
red_o<0>    |        17.681(R)|      SLOW  |         8.516(R)|      FAST  |vga_top_i/vga_i/clk_s|   0.000|
red_o<1>    |        17.870(R)|      SLOW  |         8.607(R)|      FAST  |vga_top_i/vga_i/clk_s|   0.000|
red_o<2>    |        17.575(R)|      SLOW  |         8.420(R)|      FAST  |vga_top_i/vga_i/clk_s|   0.000|
red_o<3>    |        17.665(R)|      SLOW  |         8.499(R)|      FAST  |vga_top_i/vga_i/clk_s|   0.000|
red_o<4>    |        17.448(R)|      SLOW  |         8.390(R)|      FAST  |vga_top_i/vga_i/clk_s|   0.000|
red_o<5>    |        17.149(R)|      SLOW  |         8.119(R)|      FAST  |vga_top_i/vga_i/clk_s|   0.000|
red_o<6>    |        17.202(R)|      SLOW  |         8.183(R)|      FAST  |vga_top_i/vga_i/clk_s|   0.000|
red_o<7>    |        17.018(R)|      SLOW  |         8.085(R)|      FAST  |vga_top_i/vga_i/clk_s|   0.000|
sync_o      |        14.250(R)|      SLOW  |         6.413(R)|      FAST  |vga_top_i/vga_i/clk_s|   0.000|
vga_hsync_o |        14.406(R)|      SLOW  |         6.586(R)|      FAST  |vga_top_i/vga_i/clk_s|   0.000|
vga_vsync_o |        14.521(R)|      SLOW  |         6.637(R)|      FAST  |vga_top_i/vga_i/clk_s|   0.000|
------------+-----------------+------------+-----------------+------------+---------------------+--------+

Clock to Setup on destination clock clk_i
---------------+---------+---------+---------+---------+
               | Src:Rise| Src:Fall| Src:Rise| Src:Fall|
Source Clock   |Dest:Rise|Dest:Rise|Dest:Fall|Dest:Fall|
---------------+---------+---------+---------+---------+
clk_i          |   12.604|         |         |         |
---------------+---------+---------+---------+---------+


Analysis completed Wed Mar 22 10:25:28 2017 
--------------------------------------------------------------------------------

Trace Settings:
-------------------------
Trace Settings 

Peak Memory Usage: 268 MB



